# JRE version: Java(TM) SE Runtime Environment (8.0_121-b13) (build 1.8.0_121-b13)
# Java VM: Java HotSpot(TM) 64-Bit Server VM (25.121-b13 mixed mode bsd-amd64 compressed oops)
Heap:
 garbage-first heap   total 262144K, used 195042K [0x0000000780000000, 0x0000000780100800, 0x00000007c0000000)
  region size 1024K, 28 young (28672K), 3 survivors (3072K)
 Metaspace       used 210905K, capacity 231019K, committed 231804K, reserved 1249280K
  class space    used 26215K, capacity 32264K, committed 32452K, reserved 1048576K
GC Heap History (10 events):
Event: 3876.322 GC heap before
{Heap before GC invocations=212 (full 0):
 garbage-first heap   total 262144K, used 172263K [0x0000000780000000, 0x0000000780100800, 0x00000007c0000000)
  region size 1024K, 8 young (8192K), 2 survivors (2048K)
 Metaspace       used 210944K, capacity 231149K, committed 231548K, reserved 1249280K
  class space    used 26249K, capacity 32329K, committed 32452K, reserved 1048576K
Event: 3876.349 GC heap after
Heap after GC invocations=213 (full 0):
 garbage-first heap   total 262144K, used 167971K [0x0000000780000000, 0x0000000780100800, 0x00000007c0000000)
  region size 1024K, 3 young (3072K), 3 survivors (3072K)
 Metaspace       used 210944K, capacity 231149K, committed 231548K, reserved 1249280K
  class space    used 26249K, capacity 32329K, committed 32452K, reserved 1048576K
}
Event: 3898.674 GC heap before
{Heap before GC invocations=214 (full 0):
 garbage-first heap   total 262144K, used 233197K [0x0000000780000000, 0x0000000780100800, 0x00000007c0000000)
  region size 1024K, 62 young (63488K), 3 survivors (3072K)
 Metaspace       used 210756K, capacity 230945K, committed 231548K, reserved 1249280K
  class space    used 26213K, capacity 32263K, committed 32452K, reserved 1048576K
Event: 3898.693 GC heap after
Heap after GC invocations=215 (full 0):
 garbage-first heap   total 262144K, used 169842K [0x0000000780000000, 0x0000000780100800, 0x00000007c0000000)
  region size 1024K, 4 young (4096K), 4 survivors (4096K)
 Metaspace       used 210756K, capacity 230945K, committed 231548K, reserved 1249280K
  class space    used 26213K, capacity 32263K, committed 32452K, reserved 1048576K
}
Event: 3898.731 GC heap before
{Heap before GC invocations=215 (full 0):
 garbage-first heap   total 262144K, used 178034K [0x0000000780000000, 0x0000000780100800, 0x00000007c0000000)
  region size 1024K, 12 young (12288K), 4 survivors (4096K)
 Metaspace       used 210775K, capacity 231009K, committed 231804K, reserved 1249280K
  class space    used 26213K, capacity 32263K, committed 32452K, reserved 1048576K
Event: 3898.765 GC heap after
Heap after GC invocations=216 (full 0):
 garbage-first heap   total 262144K, used 168851K [0x0000000780000000, 0x0000000780100800, 0x00000007c0000000)
  region size 1024K, 2 young (2048K), 2 survivors (2048K)
 Metaspace       used 210775K, capacity 231009K, committed 231804K, reserved 1249280K
  class space    used 26213K, capacity 32263K, committed 32452K, reserved 1048576K
}
Event: 4207.800 GC heap before
{Heap before GC invocations=216 (full 0):
 garbage-first heap   total 262144K, used 229267K [0x0000000780000000, 0x0000000780100800, 0x00000007c0000000)
  region size 1024K, 61 young (62464K), 2 survivors (2048K)
 Metaspace       used 210833K, capacity 231009K, committed 231804K, reserved 1249280K
  class space    used 26214K, capacity 32263K, committed 32452K, reserved 1048576K
Event: 4207.831 GC heap after
Heap after GC invocations=217 (full 0):
 garbage-first heap   total 262144K, used 168096K [0x0000000780000000, 0x0000000780100800, 0x00000007c0000000)
  region size 1024K, 2 young (2048K), 2 survivors (2048K)
 Metaspace       used 210833K, capacity 231009K, committed 231804K, reserved 1249280K
  class space    used 26214K, capacity 32263K, committed 32452K, reserved 1048576K
}
Event: 4457.319 GC heap before
{Heap before GC invocations=217 (full 0):
 garbage-first heap   total 262144K, used 213152K [0x0000000780000000, 0x0000000780100800, 0x00000007c0000000)
  region size 1024K, 47 young (48128K), 2 survivors (2048K)
 Metaspace       used 210896K, capacity 231013K, committed 231804K, reserved 1249280K
  class space    used 26214K, capacity 32263K, committed 32452K, reserved 1048576K
Event: 4457.336 GC heap after
Heap after GC invocations=218 (full 0):
 garbage-first heap   total 262144K, used 169307K [0x0000000780000000, 0x0000000780100800, 0x00000007c0000000)
  region size 1024K, 3 young (3072K), 3 survivors (3072K)
 Metaspace       used 210896K, capacity 231013K, committed 231804K, reserved 1249280K
  class space    used 26214K, capacity 32263K, committed 32452K, reserved 1048576K
}

