# JRE version: Java(TM) SE Runtime Environment (8.0_121-b13) (build 1.8.0_121-b13)
# Java VM: Java HotSpot(TM) 64-Bit Server VM (25.121-b13 mixed mode bsd-amd64 compressed oops)
Heap:
 garbage-first heap   total 266240K, used 180330K [0x0000000780000000, 0x0000000780100820, 0x00000007c0000000)
  region size 1024K, 31 young (31744K), 10 survivors (10240K)
 Metaspace       used 184238K, capacity 200995K, committed 201712K, reserved 1222656K
  class space    used 23094K, capacity 27946K, committed 28144K, reserved 1048576K
GC Heap History (10 events):
Event: 1324.155 GC heap before
{Heap before GC invocations=94 (full 0):
 garbage-first heap   total 266240K, used 161127K [0x0000000780000000, 0x0000000780100820, 0x00000007c0000000)
  region size 1024K, 10 young (10240K), 4 survivors (4096K)
 Metaspace       used 183072K, capacity 199675K, committed 200560K, reserved 1222656K
  class space    used 23005K, capacity 27842K, committed 28016K, reserved 1048576K
Event: 1324.172 GC heap after
Heap after GC invocations=95 (full 0):
 garbage-first heap   total 266240K, used 154836K [0x0000000780000000, 0x0000000780100820, 0x00000007c0000000)
  region size 1024K, 3 young (3072K), 3 survivors (3072K)
 Metaspace       used 183072K, capacity 199675K, committed 200560K, reserved 1222656K
  class space    used 23005K, capacity 27842K, committed 28016K, reserved 1048576K
}
Event: 1409.408 GC heap before
{Heap before GC invocations=96 (full 0):
 garbage-first heap   total 266240K, used 243887K [0x0000000780000000, 0x0000000780100820, 0x00000007c0000000)
  region size 1024K, 79 young (80896K), 3 survivors (3072K)
 Metaspace       used 183302K, capacity 200089K, committed 200816K, reserved 1222656K
  class space    used 23011K, capacity 27837K, committed 28016K, reserved 1048576K
Event: 1409.426 GC heap after
Heap after GC invocations=97 (full 0):
 garbage-first heap   total 266240K, used 160827K [0x0000000780000000, 0x0000000780100820, 0x00000007c0000000)
  region size 1024K, 7 young (7168K), 7 survivors (7168K)
 Metaspace       used 183302K, capacity 200089K, committed 200816K, reserved 1222656K
  class space    used 23011K, capacity 27837K, committed 28016K, reserved 1048576K
}
Event: 1410.463 GC heap before
{Heap before GC invocations=97 (full 0):
 garbage-first heap   total 266240K, used 166971K [0x0000000780000000, 0x0000000780100820, 0x00000007c0000000)
  region size 1024K, 13 young (13312K), 7 survivors (7168K)
 Metaspace       used 183320K, capacity 200153K, committed 201072K, reserved 1222656K
  class space    used 23011K, capacity 27837K, committed 28016K, reserved 1048576K
Event: 1410.500 GC heap after
Heap after GC invocations=98 (full 0):
 garbage-first heap   total 266240K, used 150978K [0x0000000780000000, 0x0000000780100820, 0x00000007c0000000)
  region size 1024K, 2 young (2048K), 2 survivors (2048K)
 Metaspace       used 183320K, capacity 200153K, committed 201072K, reserved 1222656K
  class space    used 23011K, capacity 27837K, committed 28016K, reserved 1048576K
}
Event: 1420.857 GC heap before
{Heap before GC invocations=98 (full 0):
 garbage-first heap   total 266240K, used 233922K [0x0000000780000000, 0x0000000780100820, 0x00000007c0000000)
  region size 1024K, 83 young (84992K), 2 survivors (2048K)
 Metaspace       used 184102K, capacity 200803K, committed 201712K, reserved 1222656K
  class space    used 23094K, capacity 27946K, committed 28144K, reserved 1048576K
Event: 1420.889 GC heap after
Heap after GC invocations=99 (full 0):
 garbage-first heap   total 266240K, used 159072K [0x0000000780000000, 0x0000000780100820, 0x00000007c0000000)
  region size 1024K, 10 young (10240K), 10 survivors (10240K)
 Metaspace       used 184102K, capacity 200803K, committed 201712K, reserved 1222656K
  class space    used 23094K, capacity 27946K, committed 28144K, reserved 1048576K
}
Event: 1431.877 GC heap before
{Heap before GC invocations=99 (full 0):
 garbage-first heap   total 266240K, used 226656K [0x0000000780000000, 0x0000000780100820, 0x00000007c0000000)
  region size 1024K, 76 young (77824K), 10 survivors (10240K)
 Metaspace       used 184222K, capacity 200867K, committed 201712K, reserved 1222656K
  class space    used 23094K, capacity 27946K, committed 28144K, reserved 1048576K
Event: 1431.899 GC heap after
Heap after GC invocations=100 (full 0):
 garbage-first heap   total 266240K, used 158658K [0x0000000780000000, 0x0000000780100820, 0x00000007c0000000)
  region size 1024K, 10 young (10240K), 10 survivors (10240K)
 Metaspace       used 184222K, capacity 200867K, committed 201712K, reserved 1222656K
  class space    used 23094K, capacity 27946K, committed 28144K, reserved 1048576K
}

