# JRE version: Java(TM) SE Runtime Environment (8.0_121-b13) (build 1.8.0_121-b13)
# Java VM: Java HotSpot(TM) 64-Bit Server VM (25.121-b13 mixed mode bsd-amd64 compressed oops)
Heap:
 garbage-first heap   total 262144K, used 138989K [0x0000000780000000, 0x0000000780100800, 0x00000007c0000000)
  region size 1024K, 15 young (15360K), 2 survivors (2048K)
 Metaspace       used 168401K, capacity 184468K, committed 185036K, reserved 1208320K
  class space    used 20862K, capacity 25425K, committed 25568K, reserved 1048576K
GC Heap History (10 events):
Event: 2118.486 GC heap before
{Heap before GC invocations=104 (full 0):
 garbage-first heap   total 262144K, used 232398K [0x0000000780000000, 0x0000000780100800, 0x00000007c0000000)
  region size 1024K, 109 young (111616K), 3 survivors (3072K)
 Metaspace       used 159991K, capacity 175212K, committed 176076K, reserved 1202176K
  class space    used 19547K, capacity 23842K, committed 24032K, reserved 1048576K
Event: 2118.502 GC heap after
Heap after GC invocations=105 (full 0):
 garbage-first heap   total 262144K, used 125718K [0x0000000780000000, 0x0000000780100800, 0x00000007c0000000)
  region size 1024K, 6 young (6144K), 6 survivors (6144K)
 Metaspace       used 159991K, capacity 175212K, committed 176076K, reserved 1202176K
  class space    used 19547K, capacity 23842K, committed 24032K, reserved 1048576K
}
Event: 2129.942 GC heap before
{Heap before GC invocations=105 (full 0):
 garbage-first heap   total 262144K, used 228118K [0x0000000780000000, 0x0000000780100800, 0x00000007c0000000)
  region size 1024K, 106 young (108544K), 6 survivors (6144K)
 Metaspace       used 167687K, capacity 183658K, committed 184140K, reserved 1208320K
  class space    used 20806K, capacity 25324K, committed 25440K, reserved 1048576K
Event: 2129.966 GC heap after
Heap after GC invocations=106 (full 0):
 garbage-first heap   total 262144K, used 134051K [0x0000000780000000, 0x0000000780100800, 0x00000007c0000000)
  region size 1024K, 14 young (14336K), 14 survivors (14336K)
 Metaspace       used 167687K, capacity 183658K, committed 184140K, reserved 1208320K
  class space    used 20806K, capacity 25324K, committed 25440K, reserved 1048576K
}
Event: 2130.053 GC heap before
{Heap before GC invocations=106 (full 0):
 garbage-first heap   total 262144K, used 138147K [0x0000000780000000, 0x0000000780100800, 0x00000007c0000000)
  region size 1024K, 19 young (19456K), 14 survivors (14336K)
 Metaspace       used 167975K, capacity 183914K, committed 184524K, reserved 1208320K
  class space    used 20835K, capacity 25388K, committed 25568K, reserved 1048576K
Event: 2130.079 GC heap after
Heap after GC invocations=107 (full 0):
 garbage-first heap   total 262144K, used 127395K [0x0000000780000000, 0x0000000780100800, 0x00000007c0000000)
  region size 1024K, 8 young (8192K), 8 survivors (8192K)
 Metaspace       used 167975K, capacity 183914K, committed 184524K, reserved 1208320K
  class space    used 20835K, capacity 25388K, committed 25568K, reserved 1048576K
}
Event: 2146.326 GC heap before
{Heap before GC invocations=108 (full 0):
 garbage-first heap   total 262144K, used 228083K [0x0000000780000000, 0x0000000780100800, 0x00000007c0000000)
  region size 1024K, 104 young (106496K), 8 survivors (8192K)
 Metaspace       used 168389K, capacity 184462K, committed 185036K, reserved 1208320K
  class space    used 20862K, capacity 25424K, committed 25568K, reserved 1048576K
Event: 2146.344 GC heap after
Heap after GC invocations=109 (full 0):
 garbage-first heap   total 262144K, used 127417K [0x0000000780000000, 0x0000000780100800, 0x00000007c0000000)
  region size 1024K, 8 young (8192K), 8 survivors (8192K)
 Metaspace       used 168389K, capacity 184462K, committed 185036K, reserved 1208320K
  class space    used 20862K, capacity 25424K, committed 25568K, reserved 1048576K
}
Event: 2146.475 GC heap before
{Heap before GC invocations=109 (full 0):
 garbage-first heap   total 262144K, used 131513K [0x0000000780000000, 0x0000000780100800, 0x00000007c0000000)
  region size 1024K, 12 young (12288K), 8 survivors (8192K)
 Metaspace       used 168394K, capacity 184468K, committed 185036K, reserved 1208320K
  class space    used 20862K, capacity 25425K, committed 25568K, reserved 1048576K
Event: 2146.496 GC heap after
Heap after GC invocations=110 (full 0):
 garbage-first heap   total 262144K, used 126701K [0x0000000780000000, 0x0000000780100800, 0x00000007c0000000)
  region size 1024K, 2 young (2048K), 2 survivors (2048K)
 Metaspace       used 168394K, capacity 184468K, committed 185036K, reserved 1208320K
  class space    used 20862K, capacity 25425K, committed 25568K, reserved 1048576K
}

