# JRE version: Java(TM) SE Runtime Environment (8.0_121-b13) (build 1.8.0_121-b13)
# Java VM: Java HotSpot(TM) 64-Bit Server VM (25.121-b13 mixed mode bsd-amd64 compressed oops)
Heap:
 garbage-first heap   total 262144K, used 173367K [0x0000000780000000, 0x0000000780100800, 0x00000007c0000000)
  region size 1024K, 32 young (32768K), 5 survivors (5120K)
 Metaspace       used 180390K, capacity 197046K, committed 198088K, reserved 1220608K
  class space    used 22680K, capacity 27396K, committed 27624K, reserved 1048576K
GC Heap History (10 events):
Event: 1430.829 GC heap before
{Heap before GC invocations=84 (full 0):
 garbage-first heap   total 262144K, used 228317K [0x0000000780000000, 0x0000000780100800, 0x00000007c0000000)
  region size 1024K, 72 young (73728K), 4 survivors (4096K)
 Metaspace       used 180072K, capacity 196656K, committed 197832K, reserved 1220608K
  class space    used 22675K, capacity 27395K, committed 27624K, reserved 1048576K
Event: 1430.853 GC heap after
Heap after GC invocations=85 (full 0):
 garbage-first heap   total 262144K, used 161615K [0x0000000780000000, 0x0000000780100800, 0x00000007c0000000)
  region size 1024K, 6 young (6144K), 6 survivors (6144K)
 Metaspace       used 180072K, capacity 196656K, committed 197832K, reserved 1220608K
  class space    used 22675K, capacity 27395K, committed 27624K, reserved 1048576K
}
Event: 1430.892 GC heap before
{Heap before GC invocations=85 (full 0):
 garbage-first heap   total 262144K, used 167759K [0x0000000780000000, 0x0000000780100800, 0x00000007c0000000)
  region size 1024K, 12 young (12288K), 6 survivors (6144K)
 Metaspace       used 180093K, capacity 196720K, committed 197832K, reserved 1220608K
  class space    used 22675K, capacity 27395K, committed 27624K, reserved 1048576K
Event: 1430.934 GC heap after
Heap after GC invocations=86 (full 0):
 garbage-first heap   total 262144K, used 148065K [0x0000000780000000, 0x0000000780100800, 0x00000007c0000000)
  region size 1024K, 2 young (2048K), 2 survivors (2048K)
 Metaspace       used 180093K, capacity 196720K, committed 197832K, reserved 1220608K
  class space    used 22675K, capacity 27395K, committed 27624K, reserved 1048576K
}
Event: 1433.286 GC heap before
{Heap before GC invocations=86 (full 0):
 garbage-first heap   total 262144K, used 158305K [0x0000000780000000, 0x0000000780100800, 0x00000007c0000000)
  region size 1024K, 12 young (12288K), 2 survivors (2048K)
 Metaspace       used 180139K, capacity 196720K, committed 197832K, reserved 1220608K
  class space    used 22675K, capacity 27395K, committed 27624K, reserved 1048576K
Event: 1433.352 GC heap after
Heap after GC invocations=87 (full 0):
 garbage-first heap   total 262144K, used 141492K [0x0000000780000000, 0x0000000780100800, 0x00000007c0000000)
  region size 1024K, 2 young (2048K), 2 survivors (2048K)
 Metaspace       used 180139K, capacity 196720K, committed 197832K, reserved 1220608K
  class space    used 22675K, capacity 27395K, committed 27624K, reserved 1048576K
}
Event: 1436.971 GC heap before
{Heap before GC invocations=87 (full 0):
 garbage-first heap   total 262144K, used 151732K [0x0000000780000000, 0x0000000780100800, 0x00000007c0000000)
  region size 1024K, 12 young (12288K), 2 survivors (2048K)
 Metaspace       used 180194K, capacity 196848K, committed 198088K, reserved 1220608K
  class space    used 22678K, capacity 27395K, committed 27624K, reserved 1048576K
Event: 1437.006 GC heap after
Heap after GC invocations=88 (full 0):
 garbage-first heap   total 262144K, used 141799K [0x0000000780000000, 0x0000000780100800, 0x00000007c0000000)
  region size 1024K, 1 young (1024K), 1 survivors (1024K)
 Metaspace       used 180194K, capacity 196848K, committed 198088K, reserved 1220608K
  class space    used 22678K, capacity 27395K, committed 27624K, reserved 1048576K
}
Event: 1445.591 GC heap before
{Heap before GC invocations=88 (full 0):
 garbage-first heap   total 262144K, used 184807K [0x0000000780000000, 0x0000000780100800, 0x00000007c0000000)
  region size 1024K, 44 young (45056K), 1 survivors (1024K)
 Metaspace       used 180350K, capacity 196976K, committed 198088K, reserved 1220608K
  class space    used 22679K, capacity 27395K, committed 27624K, reserved 1048576K
Event: 1445.611 GC heap after
Heap after GC invocations=89 (full 0):
 garbage-first heap   total 262144K, used 145550K [0x0000000780000000, 0x0000000780100800, 0x00000007c0000000)
  region size 1024K, 5 young (5120K), 5 survivors (5120K)
 Metaspace       used 180350K, capacity 196976K, committed 198088K, reserved 1220608K
  class space    used 22679K, capacity 27395K, committed 27624K, reserved 1048576K
}

